0 info it worked if it ends with ok
1 verbose cli [ '/Users/cadorn/.nvm/v0.10.35/bin/node',
1 verbose cli   '/Users/cadorn/.nvm/v0.10.35/bin/npm',
1 verbose cli   'run-script',
1 verbose cli   'publish' ]
2 info using npm@1.4.28
3 info using node@v0.10.35
4 verbose run-script [ 'prepublish', 'publish', 'postpublish' ]
5 info prepublish pinf-to-github-pages@0.1.4
6 info publish pinf-to-github-pages@0.1.4
7 verbose unsafe-perm in lifecycle true
8 info pinf-to-github-pages@0.1.4 Failed to exec publish script
9 error pinf-to-github-pages@0.1.4 publish: `cd demo ; npm run-script build ; cd .. ; bin/pinf-publish`
9 error Exit status 1
10 error Failed at the pinf-to-github-pages@0.1.4 publish script.
10 error This is most likely a problem with the pinf-to-github-pages package,
10 error not with npm itself.
10 error Tell the author that this fails on your system:
10 error     cd demo ; npm run-script build ; cd .. ; bin/pinf-publish
10 error You can get their info via:
10 error     npm owner ls pinf-to-github-pages
10 error There is likely additional logging output above.
11 error System Darwin 13.3.0
12 error command "/Users/cadorn/.nvm/v0.10.35/bin/node" "/Users/cadorn/.nvm/v0.10.35/bin/npm" "run-script" "publish"
13 error cwd /genesis/os.inception/services/2-to.pinf/pinf-to-github-pages
14 error node -v v0.10.35
15 error npm -v 1.4.28
16 error code ELIFECYCLE
17 verbose exit [ 1, true ]
